Build started 10/18/2018 7:30:32 PM.
     1>Project "C:\work\GitHub\EEP524A\Lectures\Lecture2\Exercise2\Lecture2Solution\Lecture2Project\Lecture2Project.vcxproj" on node 2 (Build target(s)).
     1>InitializeBuildStatus:
         Creating "x64\Debug\Lecture2Project.tlog\unsuccessfulbuild" because "AlwaysCreate" was specified.
       _Intel_OpenCL_Build_Rules:
         Preprocessing: vecadd_anyD.cl
         cmd.exe /Q /C "C:\Users\westo\AppData\Local\Temp\tmp1fa85f083a664a0c946bd24dce2025be.cmd"
         "C:\Intel\OpenCL\sdk\bin\x64\ioc64.exe" -cmd=build -input="C:\work\GitHub\EEP524A\Lectures\Lecture2\Exercise2\vecadd_anyD.cl" -output="x64\Debug\vecadd_anyD.out" -VS -device=CPU -simd=default -targetos=current            -bo="           "
         Ignoring -TARGETOS option - not supported for 64-bit version of this tool
         Setting target instruction set architecture to: Default (Advanced Vector Extension 2 (AVX2))
         OpenCL Intel CPU device was found!
         Device name: Intel(R) Core(TM) i5-8250U CPU @ 1.60GHz
         Device version: OpenCL 2.1 (Build 10)
         Device vendor: Intel(R) Corporation
         Device profile: FULL_PROFILE
         Compilation started
         Compilation done
         Linking started
         Linking done
         Device build started
         Device build done
         Kernel <vecadd_anyD> was successfully vectorized (8)
         Done.
         vecadd_anyD info:
         	Maximum work-group size: 8192
         	Compiler work-group size: (0, 0, 0)
         	Local memory size: 0
         	Preferred multiple of work-group size: 128
         	Minimum amount of private memory: 0
         
         Build succeeded!
         
       ClCompile:
         All outputs are up-to-date.
       Link:
         All outputs are up-to-date.
         Lecture2Project.vcxproj -> C:\work\GitHub\EEP524A\Lectures\Lecture2\Exercise2\Lecture2Solution\x64\Debug\Lecture2Project.exe
       PostBuildEvent:
         If exist "*.cl" copy "*.cl" "C:\work\GitHub\EEP524A\Lectures\Lecture2\Exercise2\Lecture2Solution\x64\Debug\\"
         :VCEnd
       FinalizeBuildStatus:
         Deleting file "x64\Debug\Lecture2Project.tlog\unsuccessfulbuild".
         Touching "x64\Debug\Lecture2Project.tlog\Lecture2Project.lastbuildstate".
     1>Done Building Project "C:\work\GitHub\EEP524A\Lectures\Lecture2\Exercise2\Lecture2Solution\Lecture2Project\Lecture2Project.vcxproj" (Build target(s)).

Build succeeded.
    0 Warning(s)
    0 Error(s)

Time Elapsed 00:00:01.71
